<?xml version="1.0" encoding="UTF-8"?>
<!-- Generated by org.testng.reporters.JUnitReportReporter -->
<testsuite hostname="DESKTOP-IHTVDRQ" failures="0" tests="2" name="TestNG.BasicTestcase" time="0.031" errors="0" timestamp="2025-01-31T14:47:25 IST" skipped="1">
  <testcase classname="TestNG.BasicTestcase" name="testcase2" time="0.031"/>
  <testcase classname="TestNG.BasicTestcase" name="testcase9">
    <skipped/>
  </testcase> <!-- testcase9 -->
</testsuite> <!-- TestNG.BasicTestcase -->
