<?xml version="1.0" encoding="UTF-8"?>
<!-- Generated by org.testng.reporters.JUnitReportReporter -->
<testsuite hostname="DESKTOP-IHTVDRQ" failures="0" tests="2" name="TestNG.AssertionsTest" time="12.637" errors="0" timestamp="2025-01-31T16:45:23 IST" skipped="0">
  <testcase classname="TestNG.AssertionsTest" name="verifysoftAssert" time="6.420"/>
  <testcase classname="TestNG.AssertionsTest" name="elementCommands" time="6.217"/>
</testsuite> <!-- TestNG.AssertionsTest -->
