<?xml version="1.0" encoding="UTF-8"?>
<!-- Generated by org.testng.reporters.JUnitReportReporter -->
<testsuite hostname="DESKTOP-IHTVDRQ" failures="0" tests="1" name="TestNG.ParameterTest" time="0.031" errors="0" timestamp="2025-01-30T14:40:57 IST" skipped="0">
  <testcase classname="TestNG.ParameterTest" name="parameterEx" time="0.031"/>
</testsuite> <!-- TestNG.ParameterTest -->
