<?xml version="1.0" encoding="UTF-8"?>
<!-- Generated by org.testng.reporters.JUnitReportReporter -->
<testsuite hostname="DESKTOP-IHTVDRQ" failures="0" tests="3" name="TestNG.BasicAnnotation" time="0.085" errors="0" timestamp="2025-01-29T14:46:39 IST" skipped="0">
  <testcase classname="TestNG.BasicAnnotation" name="testcase03" time="0.013"/>
  <testcase classname="TestNG.BasicAnnotation" name="testcase02" time="0.039"/>
  <testcase classname="TestNG.BasicAnnotation" name="testcase01" time="0.033"/>
</testsuite> <!-- TestNG.BasicAnnotation -->
