<?xml version="1.0" encoding="UTF-8"?>
<!-- Generated by org.testng.reporters.JUnitReportReporter -->
<testsuite hostname="DESKTOP-IHTVDRQ" failures="0" tests="2" name="TestNG.BeforeAfterMethod" time="0.086" errors="0" timestamp="2025-01-29T14:46:39 IST" skipped="0">
  <testcase classname="TestNG.BeforeAfterMethod" name="testcase1" time="0.053"/>
  <testcase classname="TestNG.BeforeAfterMethod" name="testcase2" time="0.033"/>
</testsuite> <!-- TestNG.BeforeAfterMethod -->
