<?xml version="1.0" encoding="UTF-8"?>
<!-- Generated by org.testng.reporters.JUnitReportReporter -->
<testsuite hostname="DESKTOP-IHTVDRQ" failures="0" tests="4" name="TestNG.DatapProviderTest" time="0.053" errors="0" timestamp="2025-01-30T14:22:25 IST" skipped="0">
  <testcase classname="TestNG.DatapProviderTest" name="testcase10" time="0.010"/>
  <testcase classname="TestNG.DatapProviderTest" name="testcase10" time="0.038"/>
  <testcase classname="TestNG.DatapProviderTest" name="testcase10" time="0.002"/>
  <testcase classname="TestNG.DatapProviderTest" name="testcase10" time="0.003"/>
</testsuite> <!-- TestNG.DatapProviderTest -->
